<?xml version="1.0" encoding="UTF-8"?>
<!-- Generated by org.testng.reporters.JUnitXMLReporter -->
<testsuite ignored="0" hostname="DESKTOP-539JNK2" failures="0" tests="2" name="Default test" time="134.955" errors="0" timestamp="2022-10-18T16:43:51 IST">
  <testcase classname="Automate_WebApplication.FaceBook_Ecommerece" name="ChromeE_Commerece" time="59.212"/>
  <testcase classname="Automate_WebApplication.FaceBook_Ecommerece" name="FireFox_ECommerece" time="75.609"/>
</testsuite> <!-- Default test -->
