<?xml version="1.0" encoding="UTF-8"?>
<testng-results ignored="0" total="2" passed="2" failed="0" skipped="0">
  <reporter-output>
  </reporter-output>
  <suite started-at="2022-10-18T16:41:36 IST" name="Default suite" finished-at="2022-10-18T16:43:51 IST" duration-ms="134955">
    <groups>
    </groups>
    <test started-at="2022-10-18T16:41:36 IST" name="Default test" finished-at="2022-10-18T16:43:51 IST" duration-ms="134955">
      <class name="Automate_WebApplication.FaceBook_Ecommerece">
        <test-method signature="ChromeE_Commerece()[pri:1, instance:Automate_WebApplication.FaceBook_Ecommerece@63a12c68]" started-at="2022-10-18T16:41:36 IST" name="ChromeE_Commerece" finished-at="2022-10-18T16:42:36 IST" duration-ms="59212" status="PASS">
          <reporter-output>
          </reporter-output>
        </test-method> <!-- ChromeE_Commerece -->
        <test-method signature="FireFox_ECommerece()[pri:2, instance:Automate_WebApplication.FaceBook_Ecommerece@63a12c68]" started-at="2022-10-18T16:42:36 IST" name="FireFox_ECommerece" finished-at="2022-10-18T16:43:51 IST" duration-ms="75609" status="PASS">
          <reporter-output>
          </reporter-output>
        </test-method> <!-- FireFox_ECommerece -->
      </class> <!-- Automate_WebApplication.FaceBook_Ecommerece -->
    </test> <!-- Default test -->
  </suite> <!-- Default suite -->
</testng-results>
